0 info it worked if it ends with ok
1 verbose cli [ '/usr/bin/node', '/usr/bin/npm', 'run', 'dev' ]
2 info using npm@2.15.9
3 info using node@v4.5.0
4 verbose run-script [ 'predev', 'dev', 'postdev' ]
5 info predev circle-menu@1.0.0
6 info dev circle-menu@1.0.0
7 verbose unsafe-perm in lifecycle true
8 info circle-menu@1.0.0 Failed to exec dev script
9 verbose stack Error: circle-menu@1.0.0 dev: `webpack-dev-server --port 3000`
9 verbose stack Exit status 1
9 verbose stack     at EventEmitter.<anonymous> (/usr/lib/node_modules/npm/lib/utils/lifecycle.js:217:16)
9 verbose stack     at emitTwo (events.js:87:13)
9 verbose stack     at EventEmitter.emit (events.js:172:7)
9 verbose stack     at ChildProcess.<anonymous> (/usr/lib/node_modules/npm/lib/utils/spawn.js:24:14)
9 verbose stack     at emitTwo (events.js:87:13)
9 verbose stack     at ChildProcess.emit (events.js:172:7)
9 verbose stack     at maybeClose (internal/child_process.js:829:16)
9 verbose stack     at Process.ChildProcess._handle.onexit (internal/child_process.js:211:5)
10 verbose pkgid circle-menu@1.0.0
11 verbose cwd /home/sichacvah/projects/circle-menu
12 error Linux 4.7.5-200.fc24.x86_64
13 error argv "/usr/bin/node" "/usr/bin/npm" "run" "dev"
14 error node v4.5.0
15 error npm  v2.15.9
16 error code ELIFECYCLE
17 error circle-menu@1.0.0 dev: `webpack-dev-server --port 3000`
17 error Exit status 1
18 error Failed at the circle-menu@1.0.0 dev script 'webpack-dev-server --port 3000'.
18 error This is most likely a problem with the circle-menu package,
18 error not with npm itself.
18 error Tell the author that this fails on your system:
18 error     webpack-dev-server --port 3000
18 error You can get information on how to open an issue for this project with:
18 error     npm bugs circle-menu
18 error Or if that isn't available, you can get their info via:
18 error
18 error     npm owner ls circle-menu
18 error There is likely additional logging output above.
19 verbose exit [ 1, true ]
